Looking for git in: git
Using git 2.17.1 from git
> git rev-parse --show-toplevel
> git rev-parse --git-dir
Open repository: /home/sachin/Desktop/Desk Files/workspace/my-first-app
> git status -z -u
> git symbolic-ref --short HEAD
> git rev-parse master
> git rev-parse --symbolic-full-name master@{u}
fatal: no upstream configured for branch 'master'
> git for-each-ref --format %(refname) %(objectname) --sort -committerdate
> git remote --verbose
> git config --get commit.template
> git check-ignore -v -z --stdin
> git check-ignore -v -z --stdin
> git status -z -u
> git symbolic-ref --short HEAD
> git rev-parse master
> git rev-parse --symbolic-full-name master@{u}
fatal: no upstream configured for branch 'master'
> git for-each-ref --format %(refname) %(objectname) --sort -committerdate
> git remote --verbose
> git config --get commit.template
> git check-ignore -v -z --stdin
> git show :src/app/app.module.ts
> git ls-files --stage -- /home/sachin/Desktop/Desk Files/workspace/my-first-app/src/app/app.module.ts
> git cat-file -s f65716351aa5930fea545e1e3f016e2980c1f483
> git status -z -u
> git symbolic-ref --short HEAD
> git rev-parse master
> git rev-parse --symbolic-full-name master@{u}
fatal: no upstream configured for branch 'master'
> git for-each-ref --format %(refname) %(objectname) --sort -committerdate
> git remote --verbose
> git config --get commit.template
> git show :angular.json
> git ls-files --stage -- /home/sachin/Desktop/Desk Files/workspace/my-first-app/angular.json
> git cat-file -s ec734dacaf0890b9e9f38403b92f95f6aea36794
> git status -z -u
> git symbolic-ref --short HEAD
> git rev-parse master
> git rev-parse --symbolic-full-name master@{u}
fatal: no upstream configured for branch 'master'
> git for-each-ref --format %(refname) %(objectname) --sort -committerdate
> git remote --verbose
> git config --get commit.template
> git show :src/app/app.component.html
> git ls-files --stage -- /home/sachin/Desktop/Desk Files/workspace/my-first-app/src/app/app.component.html
> git cat-file -s fdb26fbd7b4bc81dab74d84dc9832452fb69007f
> git status -z -u
> git symbolic-ref --short HEAD
> git rev-parse master
> git rev-parse --symbolic-full-name master@{u}
fatal: no upstream configured for branch 'master'
> git for-each-ref --format %(refname) %(objectname) --sort -committerdate
> git remote --verbose
> git config --get commit.template
> git show :src/app/app.module.ts
> git ls-files --stage -- /home/sachin/Desktop/Desk Files/workspace/my-first-app/src/app/app.module.ts
> git cat-file -s f65716351aa5930fea545e1e3f016e2980c1f483
> git show :src/app/app.component.ts
> git ls-files --stage -- /home/sachin/Desktop/Desk Files/workspace/my-first-app/src/app/app.component.ts
> git cat-file -s 0544e3012d28c219a4435a69d850d29456d4234b
> git status -z -u
> git symbolic-ref --short HEAD
> git rev-parse master
> git rev-parse --symbolic-full-name master@{u}
fatal: no upstream configured for branch 'master'
> git for-each-ref --format %(refname) %(objectname) --sort -committerdate
> git remote --verbose
> git config --get commit.template
> git show :src/app/app.module.ts
> git ls-files --stage -- /home/sachin/Desktop/Desk Files/workspace/my-first-app/src/app/app.module.ts
> git cat-file -s f65716351aa5930fea545e1e3f016e2980c1f483
> git status -z -u
> git symbolic-ref --short HEAD
> git rev-parse master
> git rev-parse --symbolic-full-name master@{u}
fatal: no upstream configured for branch 'master'
> git for-each-ref --format %(refname) %(objectname) --sort -committerdate
> git remote --verbose
> git config --get commit.template
> git status -z -u
> git symbolic-ref --short HEAD
> git rev-parse master
> git rev-parse --symbolic-full-name master@{u}
fatal: no upstream configured for branch 'master'
> git for-each-ref --format %(refname) %(objectname) --sort -committerdate
> git remote --verbose
> git config --get commit.template
> git status -z -u
> git symbolic-ref --short HEAD
> git rev-parse master
> git rev-parse --symbolic-full-name master@{u}
fatal: no upstream configured for branch 'master'
> git for-each-ref --format %(refname) %(objectname) --sort -committerdate
> git remote --verbose
> git config --get commit.template
> git status -z -u
> git symbolic-ref --short HEAD
> git rev-parse master
> git rev-parse --symbolic-full-name master@{u}
fatal: no upstream configured for branch 'master'
> git for-each-ref --format %(refname) %(objectname) --sort -committerdate
> git remote --verbose
> git config --get commit.template
> git status -z -u
> git symbolic-ref --short HEAD
> git rev-parse master
> git rev-parse --symbolic-full-name master@{u}
fatal: no upstream configured for branch 'master'
> git for-each-ref --format %(refname) %(objectname) --sort -committerdate
> git remote --verbose
> git config --get commit.template
> git check-ignore -v -z --stdin
> git check-ignore -v -z --stdin
> git show :src/app/servers/servers.component.html
> git ls-files --stage -- /home/sachin/Desktop/Desk Files/workspace/my-first-app/src/app/servers/servers.component.html
> git status -z -u
> git symbolic-ref --short HEAD
> git rev-parse master
> git rev-parse --symbolic-full-name master@{u}
fatal: no upstream configured for branch 'master'
> git for-each-ref --format %(refname) %(objectname) --sort -committerdate
> git remote --verbose
> git config --get commit.template
> git show :src/app/app.module.ts
> git ls-files --stage -- /home/sachin/Desktop/Desk Files/workspace/my-first-app/src/app/app.module.ts
> git cat-file -s f65716351aa5930fea545e1e3f016e2980c1f483
> git show :src/app/servers/servers.component.ts
> git ls-files --stage -- /home/sachin/Desktop/Desk Files/workspace/my-first-app/src/app/servers/servers.component.ts
> git show :src/app/servers/servers.component.html
> git ls-files --stage -- /home/sachin/Desktop/Desk Files/workspace/my-first-app/src/app/servers/servers.component.html
> git show :src/app/servers/servers.component.ts
> git ls-files --stage -- /home/sachin/Desktop/Desk Files/workspace/my-first-app/src/app/servers/servers.component.ts
> git show :src/app/app.component.html
> git ls-files --stage -- /home/sachin/Desktop/Desk Files/workspace/my-first-app/src/app/app.component.html
> git cat-file -s fdb26fbd7b4bc81dab74d84dc9832452fb69007f
> git status -z -u
> git symbolic-ref --short HEAD
> git rev-parse master
> git rev-parse --symbolic-full-name master@{u}
fatal: no upstream configured for branch 'master'
> git for-each-ref --format %(refname) %(objectname) --sort -committerdate
> git remote --verbose
> git config --get commit.template
> git show :src/app/servers/servers.component.html
> git ls-files --stage -- /home/sachin/Desktop/Desk Files/workspace/my-first-app/src/app/servers/servers.component.html
> git show :src/app/servers/servers.component.ts
> git ls-files --stage -- /home/sachin/Desktop/Desk Files/workspace/my-first-app/src/app/servers/servers.component.ts
> git show :src/app/servers/servers.component.html
> git ls-files --stage -- /home/sachin/Desktop/Desk Files/workspace/my-first-app/src/app/servers/servers.component.html
> git status -z -u
> git symbolic-ref --short HEAD
> git rev-parse master
> git rev-parse --symbolic-full-name master@{u}
fatal: no upstream configured for branch 'master'
> git for-each-ref --format %(refname) %(objectname) --sort -committerdate
> git remote --verbose
> git config --get commit.template
> git show :src/app/app.component.ts
> git ls-files --stage -- /home/sachin/Desktop/Desk Files/workspace/my-first-app/src/app/app.component.ts
> git cat-file -s 0544e3012d28c219a4435a69d850d29456d4234b
> git ls-files --stage -- /home/sachin/Desktop/Desk Files/workspace/my-first-app/src/app/app.component.ts
> git cat-file -s 0544e3012d28c219a4435a69d850d29456d4234b
> git show :src/app/app.component.html
> git ls-files --stage -- /home/sachin/Desktop/Desk Files/workspace/my-first-app/src/app/app.component.html
> git cat-file -s fdb26fbd7b4bc81dab74d84dc9832452fb69007f
> git show :src/app/app.module.ts
> git ls-files --stage -- /home/sachin/Desktop/Desk Files/workspace/my-first-app/src/app/app.module.ts
> git cat-file -s f65716351aa5930fea545e1e3f016e2980c1f483
> git show :src/app/app.component.ts
> git ls-files --stage -- /home/sachin/Desktop/Desk Files/workspace/my-first-app/src/app/app.component.ts
> git cat-file -s 0544e3012d28c219a4435a69d850d29456d4234b
> git show :src/app/app.component.html
> git ls-files --stage -- /home/sachin/Desktop/Desk Files/workspace/my-first-app/src/app/app.component.html
> git cat-file -s fdb26fbd7b4bc81dab74d84dc9832452fb69007f
> git status -z -u
> git symbolic-ref --short HEAD
> git rev-parse master
> git rev-parse --symbolic-full-name master@{u}
fatal: no upstream configured for branch 'master'
> git for-each-ref --format %(refname) %(objectname) --sort -committerdate
> git remote --verbose
> git config --get commit.template
> git show :src/app/app.module.ts
> git ls-files --stage -- /home/sachin/Desktop/Desk Files/workspace/my-first-app/src/app/app.module.ts
> git cat-file -s f65716351aa5930fea545e1e3f016e2980c1f483
> git show :src/app/app.component.ts
> git ls-files --stage -- /home/sachin/Desktop/Desk Files/workspace/my-first-app/src/app/app.component.ts
> git cat-file -s 0544e3012d28c219a4435a69d850d29456d4234b
> git status -z -u
> git symbolic-ref --short HEAD
> git rev-parse master
> git rev-parse --symbolic-full-name master@{u}
fatal: no upstream configured for branch 'master'
> git for-each-ref --format %(refname) %(objectname) --sort -committerdate
> git remote --verbose
> git config --get commit.template
> git status -z -u
> git symbolic-ref --short HEAD
> git rev-parse master
> git rev-parse --symbolic-full-name master@{u}
fatal: no upstream configured for branch 'master'
> git for-each-ref --format %(refname) %(objectname) --sort -committerdate
> git remote --verbose
> git config --get commit.template
> git status -z -u
> git symbolic-ref --short HEAD
> git rev-parse master
> git rev-parse --symbolic-full-name master@{u}
fatal: no upstream configured for branch 'master'
> git for-each-ref --format %(refname) %(objectname) --sort -committerdate
> git remote --verbose
> git config --get commit.template
> git show :src/app/servers/servers.component.ts
> git ls-files --stage -- /home/sachin/Desktop/Desk Files/workspace/my-first-app/src/app/servers/servers.component.ts
> git show :src/app/servers/servers.component.html
> git ls-files --stage -- /home/sachin/Desktop/Desk Files/workspace/my-first-app/src/app/servers/servers.component.html
> git show :src/app/app.component.ts
> git ls-files --stage -- /home/sachin/Desktop/Desk Files/workspace/my-first-app/src/app/app.component.ts
> git cat-file -s 0544e3012d28c219a4435a69d850d29456d4234b
> git show :src/app/app.component.html
> git ls-files --stage -- /home/sachin/Desktop/Desk Files/workspace/my-first-app/src/app/app.component.html
> git cat-file -s fdb26fbd7b4bc81dab74d84dc9832452fb69007f
> git status -z -u
> git symbolic-ref --short HEAD
> git rev-parse master
> git rev-parse --symbolic-full-name master@{u}
fatal: no upstream configured for branch 'master'
> git for-each-ref --format %(refname) %(objectname) --sort -committerdate
> git remote --verbose
> git config --get commit.template
> git show :src/app/app.module.ts
> git ls-files --stage -- /home/sachin/Desktop/Desk Files/workspace/my-first-app/src/app/app.module.ts
> git cat-file -s f65716351aa5930fea545e1e3f016e2980c1f483
> git show :src/app/app.component.ts
> git ls-files --stage -- /home/sachin/Desktop/Desk Files/workspace/my-first-app/src/app/app.component.ts
> git cat-file -s 0544e3012d28c219a4435a69d850d29456d4234b
> git show :src/app/app.component.html
> git ls-files --stage -- /home/sachin/Desktop/Desk Files/workspace/my-first-app/src/app/app.component.html
> git cat-file -s fdb26fbd7b4bc81dab74d84dc9832452fb69007f
> git status -z -u
> git symbolic-ref --short HEAD
> git rev-parse master
> git rev-parse --symbolic-full-name master@{u}
fatal: no upstream configured for branch 'master'
> git for-each-ref --format %(refname) %(objectname) --sort -committerdate
> git remote --verbose
> git config --get commit.template
> git status -z -u
> git symbolic-ref --short HEAD
> git rev-parse master
> git rev-parse --symbolic-full-name master@{u}
fatal: no upstream configured for branch 'master'
> git for-each-ref --format %(refname) %(objectname) --sort -committerdate
> git remote --verbose
> git config --get commit.template
> git show :src/app/app.module.ts
> git ls-files --stage -- /home/sachin/Desktop/Desk Files/workspace/my-first-app/src/app/app.module.ts
> git cat-file -s f65716351aa5930fea545e1e3f016e2980c1f483
> git show :src/app/app.component.ts
> git ls-files --stage -- /home/sachin/Desktop/Desk Files/workspace/my-first-app/src/app/app.component.ts
> git cat-file -s 0544e3012d28c219a4435a69d850d29456d4234b
> git status -z -u
> git symbolic-ref --short HEAD
> git rev-parse master
> git rev-parse --symbolic-full-name master@{u}
fatal: no upstream configured for branch 'master'
> git for-each-ref --format %(refname) %(objectname) --sort -committerdate
> git remote --verbose
> git config --get commit.template
> git status -z -u
> git symbolic-ref --short HEAD
> git rev-parse master
> git rev-parse --symbolic-full-name master@{u}
fatal: no upstream configured for branch 'master'
> git for-each-ref --format %(refname) %(objectname) --sort -committerdate
> git remote --verbose
> git config --get commit.template
> git show :src/index.html
> git ls-files --stage -- /home/sachin/Desktop/Desk Files/workspace/my-first-app/src/index.html
> git cat-file -s d0814ce8b75954a936ea68883edbea268418d852
> git show :src/app/app.module.ts
> git ls-files --stage -- /home/sachin/Desktop/Desk Files/workspace/my-first-app/src/app/app.module.ts
> git cat-file -s f65716351aa5930fea545e1e3f016e2980c1f483
> git show :src/app/app.component.html
> git ls-files --stage -- /home/sachin/Desktop/Desk Files/workspace/my-first-app/src/app/app.component.html
> git cat-file -s fdb26fbd7b4bc81dab74d84dc9832452fb69007f
> git show :src/app/servers/servers.component.ts
> git ls-files --stage -- /home/sachin/Desktop/Desk Files/workspace/my-first-app/src/app/servers/servers.component.ts
> git show :src/app/app.component.ts
> git ls-files --stage -- /home/sachin/Desktop/Desk Files/workspace/my-first-app/src/app/app.component.ts
> git cat-file -s 0544e3012d28c219a4435a69d850d29456d4234b
> git show :src/app/app.component.html
> git ls-files --stage -- /home/sachin/Desktop/Desk Files/workspace/my-first-app/src/app/app.component.html
> git cat-file -s fdb26fbd7b4bc81dab74d84dc9832452fb69007f
> git show :src/app/servers/servers.component.html
> git ls-files --stage -- /home/sachin/Desktop/Desk Files/workspace/my-first-app/src/app/servers/servers.component.html
> git show :src/app/servers/servers.component.spec.ts
> git ls-files --stage -- /home/sachin/Desktop/Desk Files/workspace/my-first-app/src/app/servers/servers.component.spec.ts
> git show :src/app/servers/servers.component.ts
> git ls-files --stage -- /home/sachin/Desktop/Desk Files/workspace/my-first-app/src/app/servers/servers.component.ts
> git show :src/app/servers/servers.component.spec.ts
> git ls-files --stage -- /home/sachin/Desktop/Desk Files/workspace/my-first-app/src/app/servers/servers.component.spec.ts
> git show :src/app/servers/servers.component.ts
> git ls-files --stage -- /home/sachin/Desktop/Desk Files/workspace/my-first-app/src/app/servers/servers.component.ts
> git show :src/app/app.module.ts
> git ls-files --stage -- /home/sachin/Desktop/Desk Files/workspace/my-first-app/src/app/app.module.ts
> git cat-file -s f65716351aa5930fea545e1e3f016e2980c1f483
> git show :src/app/servers/servers.component.ts
> git ls-files --stage -- /home/sachin/Desktop/Desk Files/workspace/my-first-app/src/app/servers/servers.component.ts
> git show :src/app/app.module.ts
> git ls-files --stage -- /home/sachin/Desktop/Desk Files/workspace/my-first-app/src/app/app.module.ts
> git cat-file -s f65716351aa5930fea545e1e3f016e2980c1f483
> git show :src/app/servers/servers.component.ts
> git ls-files --stage -- /home/sachin/Desktop/Desk Files/workspace/my-first-app/src/app/servers/servers.component.ts
> git show :src/app/app.module.ts
> git ls-files --stage -- /home/sachin/Desktop/Desk Files/workspace/my-first-app/src/app/app.module.ts
> git cat-file -s f65716351aa5930fea545e1e3f016e2980c1f483
> git show :src/app/app.component.ts
> git ls-files --stage -- /home/sachin/Desktop/Desk Files/workspace/my-first-app/src/app/app.component.ts
> git cat-file -s 0544e3012d28c219a4435a69d850d29456d4234b
> git show :src/app/servers/servers.component.ts
> git ls-files --stage -- /home/sachin/Desktop/Desk Files/workspace/my-first-app/src/app/servers/servers.component.ts
> git status -z -u
> git symbolic-ref --short HEAD
> git rev-parse master
> git rev-parse --symbolic-full-name master@{u}
fatal: no upstream configured for branch 'master'
> git for-each-ref --format %(refname) %(objectname) --sort -committerdate
> git remote --verbose
> git config --get commit.template
> git show :src/app/servers/servers.component.html
> git ls-files --stage -- /home/sachin/Desktop/Desk Files/workspace/my-first-app/src/app/servers/servers.component.html
> git status -z -u
> git symbolic-ref --short HEAD
> git rev-parse master
> git rev-parse --symbolic-full-name master@{u}
fatal: no upstream configured for branch 'master'
> git for-each-ref --format %(refname) %(objectname) --sort -committerdate
> git remote --verbose
> git config --get commit.template
> git status -z -u
> git symbolic-ref --short HEAD
> git rev-parse master
> git rev-parse --symbolic-full-name master@{u}
fatal: no upstream configured for branch 'master'
> git for-each-ref --format %(refname) %(objectname) --sort -committerdate
> git remote --verbose
> git config --get commit.template
> git status -z -u
> git symbolic-ref --short HEAD
> git rev-parse master
> git rev-parse --symbolic-full-name master@{u}
fatal: no upstream configured for branch 'master'
> git for-each-ref --format %(refname) %(objectname) --sort -committerdate
> git remote --verbose
> git check-ignore -v -z --stdin
> git config --get commit.template
> git status -z -u
> git symbolic-ref --short HEAD
> git rev-parse master
> git rev-parse --symbolic-full-name master@{u}
fatal: no upstream configured for branch 'master'
> git for-each-ref --format %(refname) %(objectname) --sort -committerdate
> git remote --verbose
> git check-ignore -v -z --stdin
> git config --get commit.template
> git check-ignore -v -z --stdin
> git show :src/app/successalert/successalert.component.ts
> git ls-files --stage -- /home/sachin/Desktop/Desk Files/workspace/my-first-app/src/app/successalert/successalert.component.ts
> git show :src/app/app.component.html
> git ls-files --stage -- /home/sachin/Desktop/Desk Files/workspace/my-first-app/src/app/app.component.html
> git cat-file -s fdb26fbd7b4bc81dab74d84dc9832452fb69007f
> git status -z -u
> git symbolic-ref --short HEAD
> git rev-parse master
> git rev-parse --symbolic-full-name master@{u}
fatal: no upstream configured for branch 'master'
> git for-each-ref --format %(refname) %(objectname) --sort -committerdate
> git remote --verbose
> git config --get commit.template
> git show :src/app/successalert/successalert.component.html
> git ls-files --stage -- /home/sachin/Desktop/Desk Files/workspace/my-first-app/src/app/successalert/successalert.component.html
> git show :src/app/app.module.ts
> git ls-files --stage -- /home/sachin/Desktop/Desk Files/workspace/my-first-app/src/app/app.module.ts
> git cat-file -s f65716351aa5930fea545e1e3f016e2980c1f483
> git show :src/app/app.component.html
> git ls-files --stage -- /home/sachin/Desktop/Desk Files/workspace/my-first-app/src/app/app.component.html
> git cat-file -s fdb26fbd7b4bc81dab74d84dc9832452fb69007f
> git show :src/app/successalert/successalert.component.ts
> git ls-files --stage -- /home/sachin/Desktop/Desk Files/workspace/my-first-app/src/app/successalert/successalert.component.ts
> git show :src/app/successalert/successalert.component.spec.ts
> git ls-files --stage -- /home/sachin/Desktop/Desk Files/workspace/my-first-app/src/app/successalert/successalert.component.spec.ts
> git show :src/app/successalert/successalert.component.html
> git ls-files --stage -- /home/sachin/Desktop/Desk Files/workspace/my-first-app/src/app/successalert/successalert.component.html
> git status -z -u
> git symbolic-ref --short HEAD
> git rev-parse master
> git rev-parse --symbolic-full-name master@{u}
fatal: no upstream configured for branch 'master'
> git for-each-ref --format %(refname) %(objectname) --sort -committerdate
> git remote --verbose
> git config --get commit.template
> git show :src/app/app.component.html
> git ls-files --stage -- /home/sachin/Desktop/Desk Files/workspace/my-first-app/src/app/app.component.html
> git cat-file -s fdb26fbd7b4bc81dab74d84dc9832452fb69007f
> git check-ignore -v -z --stdin
> git show :src/app/warningalert/warningalert.component.ts
> git ls-files --stage -- /home/sachin/Desktop/Desk Files/workspace/my-first-app/src/app/warningalert/warningalert.component.ts
> git show :src/app/app.component.html
> git ls-files --stage -- /home/sachin/Desktop/Desk Files/workspace/my-first-app/src/app/app.component.html
> git cat-file -s fdb26fbd7b4bc81dab74d84dc9832452fb69007f
> git status -z -u
> git symbolic-ref --short HEAD
> git rev-parse master
> git rev-parse --symbolic-full-name master@{u}
fatal: no upstream configured for branch 'master'
> git for-each-ref --format %(refname) %(objectname) --sort -committerdate
> git remote --verbose
> git config --get commit.template
> git status -z -u
> git symbolic-ref --short HEAD
> git rev-parse master
> git rev-parse --symbolic-full-name master@{u}
fatal: no upstream configured for branch 'master'
> git for-each-ref --format %(refname) %(objectname) --sort -committerdate
> git remote --verbose
> git config --get commit.template
> git status -z -u
> git symbolic-ref --short HEAD
> git rev-parse master
> git rev-parse --symbolic-full-name master@{u}
fatal: no upstream configured for branch 'master'
> git for-each-ref --format %(refname) %(objectname) --sort -committerdate
> git remote --verbose
> git config --get commit.template
> git status -z -u
> git symbolic-ref --short HEAD
> git rev-parse master
> git rev-parse --symbolic-full-name master@{u}
fatal: no upstream configured for branch 'master'
> git for-each-ref --format %(refname) %(objectname) --sort -committerdate
> git remote --verbose
> git config --get commit.template
> git status -z -u
> git symbolic-ref --short HEAD
> git rev-parse master
> git rev-parse --symbolic-full-name master@{u}
fatal: no upstream configured for branch 'master'
> git for-each-ref --format %(refname) %(objectname) --sort -committerdate
> git remote --verbose
> git config --get commit.template
> git status -z -u
> git symbolic-ref --short HEAD
> git rev-parse master
> git rev-parse --symbolic-full-name master@{u}
fatal: no upstream configured for branch 'master'
> git for-each-ref --format %(refname) %(objectname) --sort -committerdate
> git remote --verbose
> git config --get commit.template
> git show :src/app/warningalert/warningalert.component.html
> git ls-files --stage -- /home/sachin/Desktop/Desk Files/workspace/my-first-app/src/app/warningalert/warningalert.component.html
> git show :src/app/successalert/successalert.component.html
> git ls-files --stage -- /home/sachin/Desktop/Desk Files/workspace/my-first-app/src/app/successalert/successalert.component.html
> git status -z -u
> git symbolic-ref --short HEAD
> git rev-parse master
> git rev-parse --symbolic-full-name master@{u}
fatal: no upstream configured for branch 'master'
> git for-each-ref --format %(refname) %(objectname) --sort -committerdate
> git remote --verbose
> git config --get commit.template
> git status -z -u
> git symbolic-ref --short HEAD
> git rev-parse master
> git rev-parse --symbolic-full-name master@{u}
fatal: no upstream configured for branch 'master'
> git for-each-ref --format %(refname) %(objectname) --sort -committerdate
> git remote --verbose
> git config --get commit.template
> git show :src/app/warningalert/warningalert.component.html
> git ls-files --stage -- /home/sachin/Desktop/Desk Files/workspace/my-first-app/src/app/warningalert/warningalert.component.html
> git status -z -u
> git symbolic-ref --short HEAD
> git rev-parse master
> git rev-parse --symbolic-full-name master@{u}
fatal: no upstream configured for branch 'master'
> git for-each-ref --format %(refname) %(objectname) --sort -committerdate
> git remote --verbose
> git config --get commit.template
> git status -z -u
> git symbolic-ref --short HEAD
> git rev-parse master
> git rev-parse --symbolic-full-name master@{u}
fatal: no upstream configured for branch 'master'
> git for-each-ref --format %(refname) %(objectname) --sort -committerdate
> git remote --verbose
> git config --get commit.template
> git status -z -u
> git symbolic-ref --short HEAD
> git rev-parse master
> git rev-parse --symbolic-full-name master@{u}
fatal: no upstream configured for branch 'master'
> git for-each-ref --format %(refname) %(objectname) --sort -committerdate
> git remote --verbose
> git config --get commit.template
> git status -z -u
> git symbolic-ref --short HEAD
> git rev-parse master
> git rev-parse --symbolic-full-name master@{u}
fatal: no upstream configured for branch 'master'
> git for-each-ref --format %(refname) %(objectname) --sort -committerdate
> git remote --verbose
> git config --get commit.template
> git ls-files --stage -- /home/sachin/Desktop/Desk Files/workspace/my-first-app/src/app/warningalert/warningalert.component.html
> git show :src/app/warningalert/warningalert.component.html
> git status -z -u
> git symbolic-ref --short HEAD
> git rev-parse master
> git rev-parse --symbolic-full-name master@{u}
fatal: no upstream configured for branch 'master'
> git for-each-ref --format %(refname) %(objectname) --sort -committerdate
> git remote --verbose
> git config --get commit.template
> git status -z -u
> git rev-parse --show-toplevel
fatal: not a git repository (or any of the parent directories): .git
