["INFO" - 12:20:47 pm] Extension Name: esbenp.prettier-vscode.
["INFO" - 12:20:47 pm] Extension Version: 4.5.0.
["INFO" - 12:20:47 pm] Enabling prettier for languages
[
  "css",
  "graphql",
  "html",
  "javascript",
  "javascriptreact",
  "json",
  "json5",
  "jsonc",
  "less",
  "markdown",
  "mdx",
  "mongo",
  "postcss",
  "scss",
  "typescript",
  "typescriptreact",
  "vue",
  "yaml"
]
["INFO" - 12:20:47 pm] Enabling prettier for range supported languages
[
  "graphql",
  "javascript",
  "javascriptreact",
  "json",
  "typescript",
  "typescriptreact"
]
["INFO" - 12:46:47 pm] Enabling prettier for languages
[
  "css",
  "graphql",
  "html",
  "javascript",
  "javascriptreact",
  "json",
  "json5",
  "jsonc",
  "less",
  "markdown",
  "mdx",
  "mongo",
  "postcss",
  "scss",
  "typescript",
  "typescriptreact",
  "vue",
  "yaml"
]
["INFO" - 12:46:47 pm] Enabling prettier for range supported languages
[
  "graphql",
  "javascript",
  "javascriptreact",
  "json",
  "typescript",
  "typescriptreact"
]
["INFO" - 12:46:47 pm] Enabling prettier for languages
[
  "css",
  "graphql",
  "html",
  "javascript",
  "javascriptreact",
  "json",
  "json5",
  "jsonc",
  "less",
  "markdown",
  "mdx",
  "mongo",
  "postcss",
  "scss",
  "typescript",
  "typescriptreact",
  "vue",
  "yaml"
]
["INFO" - 12:46:47 pm] Enabling prettier for range supported languages
[
  "graphql",
  "javascript",
  "javascriptreact",
  "json",
  "typescript",
  "typescriptreact"
]
["INFO" - 1:07:10 pm] Formatting /home/sachin/Downloads/assignment_3_original/basics-assignment-3-start/src/app/app.component.ts
["INFO" - 1:07:10 pm] Using ignore file (if present) at /home/sachin/Downloads/assignment_3_original/basics-assignment-3-start/.prettierignore
["INFO" - 1:07:10 pm] Using bundled version of prettier.
["INFO" - 1:07:10 pm] File Info:
{
  "ignored": false,
  "inferredParser": "typescript"
}
["INFO" - 1:07:10 pm] Detected local configuration (i.e. .prettierrc or .editorconfig), VS Code configuration will not be used
["INFO" - 1:07:10 pm] Prettier Options:
{
  "filepath": "/home/sachin/Downloads/assignment_3_original/basics-assignment-3-start/src/app/app.component.ts",
  "parser": "typescript",
  "useTabs": false,
  "tabWidth": 2
}
["INFO" - 1:07:10 pm] Formatting completed in 671.292385ms.
["INFO" - 1:07:12 pm] Formatting /home/sachin/Downloads/assignment_3_original/basics-assignment-3-start/src/app/app.component.ts
["INFO" - 1:07:12 pm] Using ignore file (if present) at /home/sachin/Downloads/assignment_3_original/basics-assignment-3-start/.prettierignore
["INFO" - 1:07:12 pm] Using bundled version of prettier.
["INFO" - 1:07:12 pm] File Info:
{
  "ignored": false,
  "inferredParser": "typescript"
}
["INFO" - 1:07:12 pm] Detected local configuration (i.e. .prettierrc or .editorconfig), VS Code configuration will not be used
["INFO" - 1:07:12 pm] Prettier Options:
{
  "filepath": "/home/sachin/Downloads/assignment_3_original/basics-assignment-3-start/src/app/app.component.ts",
  "parser": "typescript",
  "useTabs": false,
  "tabWidth": 2
}
["INFO" - 1:07:12 pm] Formatting completed in 39.609316ms.
["INFO" - 1:09:49 pm] Formatting /home/sachin/Downloads/assignment_3_original/basics-assignment-3-start/src/app/app.component.ts
["INFO" - 1:09:49 pm] Using ignore file (if present) at /home/sachin/Downloads/assignment_3_original/basics-assignment-3-start/.prettierignore
["INFO" - 1:09:49 pm] Using bundled version of prettier.
["INFO" - 1:09:49 pm] File Info:
{
  "ignored": false,
  "inferredParser": "typescript"
}
["INFO" - 1:09:49 pm] Detected local configuration (i.e. .prettierrc or .editorconfig), VS Code configuration will not be used
["INFO" - 1:09:49 pm] Prettier Options:
{
  "filepath": "/home/sachin/Downloads/assignment_3_original/basics-assignment-3-start/src/app/app.component.ts",
  "parser": "typescript",
  "useTabs": false,
  "tabWidth": 2
}
["INFO" - 1:09:49 pm] Formatting completed in 98.337801ms.
["INFO" - 1:09:58 pm] Formatting /home/sachin/Downloads/assignment_3_original/basics-assignment-3-start/src/app/app.component.ts
["INFO" - 1:09:58 pm] Using ignore file (if present) at /home/sachin/Downloads/assignment_3_original/basics-assignment-3-start/.prettierignore
["INFO" - 1:09:58 pm] Using bundled version of prettier.
["INFO" - 1:09:58 pm] File Info:
{
  "ignored": false,
  "inferredParser": "typescript"
}
["INFO" - 1:09:58 pm] Detected local configuration (i.e. .prettierrc or .editorconfig), VS Code configuration will not be used
["INFO" - 1:09:58 pm] Prettier Options:
{
  "filepath": "/home/sachin/Downloads/assignment_3_original/basics-assignment-3-start/src/app/app.component.ts",
  "parser": "typescript",
  "useTabs": false,
  "tabWidth": 2
}
["INFO" - 1:09:58 pm] Formatting completed in 44.93408ms.
["INFO" - 1:10:16 pm] Formatting /home/sachin/Downloads/assignment_3_original/basics-assignment-3-start/src/app/app.component.ts
["INFO" - 1:10:16 pm] Using ignore file (if present) at /home/sachin/Downloads/assignment_3_original/basics-assignment-3-start/.prettierignore
["INFO" - 1:10:16 pm] Using bundled version of prettier.
["INFO" - 1:10:16 pm] File Info:
{
  "ignored": false,
  "inferredParser": "typescript"
}
["INFO" - 1:10:16 pm] Detected local configuration (i.e. .prettierrc or .editorconfig), VS Code configuration will not be used
["INFO" - 1:10:16 pm] Prettier Options:
{
  "filepath": "/home/sachin/Downloads/assignment_3_original/basics-assignment-3-start/src/app/app.component.ts",
  "parser": "typescript",
  "useTabs": false,
  "tabWidth": 2
}
["INFO" - 1:10:16 pm] Formatting completed in 50.704823ms.
["INFO" - 1:10:44 pm] Formatting /home/sachin/Downloads/assignment_3_original/basics-assignment-3-start/src/app/app.component.ts
["INFO" - 1:10:44 pm] Using ignore file (if present) at /home/sachin/Downloads/assignment_3_original/basics-assignment-3-start/.prettierignore
["INFO" - 1:10:44 pm] Using bundled version of prettier.
["INFO" - 1:10:44 pm] File Info:
{
  "ignored": false,
  "inferredParser": "typescript"
}
["INFO" - 1:10:44 pm] Detected local configuration (i.e. .prettierrc or .editorconfig), VS Code configuration will not be used
["INFO" - 1:10:44 pm] Prettier Options:
{
  "filepath": "/home/sachin/Downloads/assignment_3_original/basics-assignment-3-start/src/app/app.component.ts",
  "parser": "typescript",
  "useTabs": false,
  "tabWidth": 2
}
["INFO" - 1:10:44 pm] Formatting completed in 44.137541ms.
["INFO" - 1:13:56 pm] Formatting /home/sachin/Downloads/assignment_3_original/basics-assignment-3-start/src/app/app.component.ts
["INFO" - 1:13:56 pm] Using ignore file (if present) at /home/sachin/Downloads/assignment_3_original/basics-assignment-3-start/.prettierignore
["INFO" - 1:13:56 pm] Using bundled version of prettier.
["INFO" - 1:13:56 pm] File Info:
{
  "ignored": false,
  "inferredParser": "typescript"
}
["INFO" - 1:13:56 pm] Detected local configuration (i.e. .prettierrc or .editorconfig), VS Code configuration will not be used
["INFO" - 1:13:56 pm] Prettier Options:
{
  "filepath": "/home/sachin/Downloads/assignment_3_original/basics-assignment-3-start/src/app/app.component.ts",
  "parser": "typescript",
  "useTabs": false,
  "tabWidth": 2
}
["INFO" - 1:13:57 pm] Formatting completed in 67.304385ms.
["INFO" - 1:14:13 pm] Formatting /home/sachin/Downloads/assignment_3_original/basics-assignment-3-start/src/app/app.component.ts
["INFO" - 1:14:13 pm] Using ignore file (if present) at /home/sachin/Downloads/assignment_3_original/basics-assignment-3-start/.prettierignore
["INFO" - 1:14:13 pm] Using bundled version of prettier.
["INFO" - 1:14:13 pm] File Info:
{
  "ignored": false,
  "inferredParser": "typescript"
}
["INFO" - 1:14:13 pm] Detected local configuration (i.e. .prettierrc or .editorconfig), VS Code configuration will not be used
["INFO" - 1:14:13 pm] Prettier Options:
{
  "filepath": "/home/sachin/Downloads/assignment_3_original/basics-assignment-3-start/src/app/app.component.ts",
  "parser": "typescript",
  "useTabs": false,
  "tabWidth": 2
}
["INFO" - 1:14:13 pm] Formatting completed in 53.808283ms.
